<?xml version="1.0" encoding="UTF-8"?>
<!-- Generated by org.testng.reporters.JUnitReportReporter -->
<testsuite hostname="IZLAP2023-074" failures="0" tests="2" name="testcases.RegistrationUserTest" time="0.001" errors="0" timestamp="19 Nov 2024 15:19:04 GMT" skipped="0">
  <testcase classname="testcases.RegistrationUserTest" name="registerUser" time="0.000"/>
  <testcase classname="testcases.RegistrationUserTest" name="registerUser" time="0.001"/>
</testsuite> <!-- testcases.RegistrationUserTest -->
